This is pdfTeX, Version 3.141592653-2.6-1.40.22 (TeX Live 2022/dev/Debian) (preloaded format=pdflatex 2024.7.1)  20 NOV 2024 23:54
entering extended mode
 restricted \write18 enabled.
 file:line:error style messages enabled.
 %&-line parsing enabled.
**/home/syarnaq/Documents/Arham/School/UOIT/github/machine_learning/python_machine_learning/clustering/kmeans_vs_DBSCAN/latex/k_means_clustering.tex
(/home/syarnaq/Documents/Arham/School/UOIT/github/machine_learning/python_machine_learning/clustering/kmeans_vs_DBSCAN/latex/k_means_clustering.tex
LaTeX2e <2021-11-15> patch level 1
L3 programming layer <2022-01-21> (/usr/share/texlive/texmf-dist/tex/latex/base/article.cls
Document Class: article 2021/10/04 v1.4n Standard LaTeX document class
(/usr/share/texlive/texmf-dist/tex/latex/base/size10.clo
File: size10.clo 2021/10/04 v1.4n Standard LaTeX file (size option)
)
\c@part=\count185
\c@section=\count186
\c@subsection=\count187
\c@subsubsection=\count188
\c@paragraph=\count189
\c@subparagraph=\count190
\c@figure=\count191
\c@table=\count192
\abovecaptionskip=\skip47
\belowcaptionskip=\skip48
\bibindent=\dimen138
) (/usr/share/texlive/texmf-dist/tex/latex/base/inputenc.sty
Package: inputenc 2021/02/14 v1.3d Input encoding file
\inpenc@prehook=\toks16
\inpenc@posthook=\toks17
) (/usr/share/texlive/texmf-dist/tex/latex/amsmath/amsmath.sty
Package: amsmath 2021/10/15 v2.17l AMS math features
\@mathmargin=\skip49

For additional information on amsmath, use the `?' option.
(/usr/share/texlive/texmf-dist/tex/latex/amsmath/amstext.sty
Package: amstext 2021/08/26 v2.01 AMS text
 (/usr/share/texlive/texmf-dist/tex/latex/amsmath/amsgen.sty
File: amsgen.sty 1999/11/30 v2.0 generic functions
\@emptytoks=\toks18
\ex@=\dimen139
)) (/usr/share/texlive/texmf-dist/tex/latex/amsmath/amsbsy.sty
Package: amsbsy 1999/11/29 v1.2d Bold Symbols
\pmbraise@=\dimen140
) (/usr/share/texlive/texmf-dist/tex/latex/amsmath/amsopn.sty
Package: amsopn 2021/08/26 v2.02 operator names
)
\inf@bad=\count193
LaTeX Info: Redefining \frac on input line 234.
\uproot@=\count194
\leftroot@=\count195
LaTeX Info: Redefining \overline on input line 399.
\classnum@=\count196
\DOTSCASE@=\count197
LaTeX Info: Redefining \ldots on input line 496.
LaTeX Info: Redefining \dots on input line 499.
LaTeX Info: Redefining \cdots on input line 620.
\Mathstrutbox@=\box50
\strutbox@=\box51
\big@size=\dimen141
LaTeX Font Info:    Redeclaring font encoding OML on input line 743.
LaTeX Font Info:    Redeclaring font encoding OMS on input line 744.
\macc@depth=\count198
\c@MaxMatrixCols=\count199
\dotsspace@=\muskip16
\c@parentequation=\count266
\dspbrk@lvl=\count267
\tag@help=\toks19
\row@=\count268
\column@=\count269
\maxfields@=\count270
\andhelp@=\toks20
\eqnshift@=\dimen142
\alignsep@=\dimen143
\tagshift@=\dimen144
\tagwidth@=\dimen145
\totwidth@=\dimen146
\lineht@=\dimen147
\@envbody=\toks21
\multlinegap=\skip50
\multlinetaggap=\skip51
\mathdisplay@stack=\toks22
LaTeX Info: Redefining \[ on input line 2938.
LaTeX Info: Redefining \] on input line 2939.
) (/usr/share/texlive/texmf-dist/tex/latex/amsfonts/amssymb.sty
Package: amssymb 2013/01/14 v3.01 AMS font symbols
 (/usr/share/texlive/texmf-dist/tex/latex/amsfonts/amsfonts.sty
Package: amsfonts 2013/01/14 v3.01 Basic AMSFonts support
\symAMSa=\mathgroup4
\symAMSb=\mathgroup5
LaTeX Font Info:    Redeclaring math symbol \hbar on input line 98.
LaTeX Font Info:    Overwriting math alphabet `\mathfrak' in version `bold'
(Font)                  U/euf/m/n --> U/euf/b/n on input line 106.
)) (/usr/share/texlive/texmf-dist/tex/latex/amscls/amsthm.sty
Package: amsthm 2020/05/29 v2.20.6
\thm@style=\toks23
\thm@bodyfont=\toks24
\thm@headfont=\toks25
\thm@notefont=\toks26
\thm@headpunct=\toks27
\thm@preskip=\skip52
\thm@postskip=\skip53
\thm@headsep=\skip54
\dth@everypar=\toks28
) (/usr/share/texlive/texmf-dist/tex/latex/cancel/cancel.sty
Package: cancel 2013/04/12 v2.2 Cancel math terms
) (/usr/share/texlive/texmf-dist/tex/latex/enumitem/enumitem.sty
Package: enumitem 2019/06/20 v3.9 Customized lists
\enitkv@toks@=\toks29
\labelindent=\skip55
\enit@outerparindent=\dimen148
\enit@toks=\toks30
\enit@inbox=\box52
\enit@count@id=\count271
\enitdp@description=\count272
) (/usr/share/texlive/texmf-dist/tex/latex/caption/caption.sty
Package: caption 2020/10/26 v3.5g Customizing captions (AR)
 (/usr/share/texlive/texmf-dist/tex/latex/caption/caption3.sty
Package: caption3 2020/10/21 v2.2e caption3 kernel (AR)
 (/usr/share/texlive/texmf-dist/tex/latex/graphics/keyval.sty
Package: keyval 2014/10/28 v1.15 key=value parser (DPC)
\KV@toks@=\toks31
)
\captionmargin=\dimen149
\captionmargin@=\dimen150
\captionwidth=\dimen151
\caption@tempdima=\dimen152
\caption@indent=\dimen153
\caption@parindent=\dimen154
\caption@hangindent=\dimen155
Package caption Info: Standard document class detected.
)
\c@caption@flags=\count273
\c@continuedfloat=\count274
) (/usr/share/texlive/texmf-dist/tex/latex/graphics/graphicx.sty
Package: graphicx 2021/09/16 v1.2d Enhanced LaTeX Graphics (DPC,SPQR)
 (/usr/share/texlive/texmf-dist/tex/latex/graphics/graphics.sty
Package: graphics 2021/03/04 v1.4d Standard LaTeX Graphics (DPC,SPQR)
 (/usr/share/texlive/texmf-dist/tex/latex/graphics/trig.sty
Package: trig 2021/08/11 v1.11 sin cos tan (DPC)
) (/usr/share/texlive/texmf-dist/tex/latex/graphics-cfg/graphics.cfg
File: graphics.cfg 2016/06/04 v1.11 sample graphics configuration
)
Package graphics Info: Driver file: pdftex.def on input line 107.
 (/usr/share/texlive/texmf-dist/tex/latex/graphics-def/pdftex.def
File: pdftex.def 2020/10/05 v1.2a Graphics/color driver for pdftex
))
\Gin@req@height=\dimen156
\Gin@req@width=\dimen157
) (/usr/share/texlive/texmf-dist/tex/latex/geometry/geometry.sty
Package: geometry 2020/01/02 v5.9 Page Geometry
 (/usr/share/texlive/texmf-dist/tex/generic/iftex/ifvtex.sty
Package: ifvtex 2019/10/25 v1.7 ifvtex legacy package. Use iftex instead.
 (/usr/share/texlive/texmf-dist/tex/generic/iftex/iftex.sty
Package: iftex 2020/03/06 v1.0d TeX engine tests
))
\Gm@cnth=\count275
\Gm@cntv=\count276
\c@Gm@tempcnt=\count277
\Gm@bindingoffset=\dimen158
\Gm@wd@mp=\dimen159
\Gm@odd@mp=\dimen160
\Gm@even@mp=\dimen161
\Gm@layoutwidth=\dimen162
\Gm@layoutheight=\dimen163
\Gm@layouthoffset=\dimen164
\Gm@layoutvoffset=\dimen165
\Gm@dimlist=\toks32
) (/usr/share/texlive/texmf-dist/tex/latex/float/float.sty
Package: float 2001/11/08 v1.3d Float enhancements (AL)
\c@float@type=\count278
\float@exts=\toks33
\float@box=\box53
\@float@everytoks=\toks34
\@floatcapt=\box54
) (/usr/share/texlive/texmf-dist/tex/latex/booktabs/booktabs.sty
Package: booktabs 2020/01/12 v1.61803398 Publication quality tables
\heavyrulewidth=\dimen166
\lightrulewidth=\dimen167
\cmidrulewidth=\dimen168
\belowrulesep=\dimen169
\belowbottomsep=\dimen170
\aboverulesep=\dimen171
\abovetopsep=\dimen172
\cmidrulesep=\dimen173
\cmidrulekern=\dimen174
\defaultaddspace=\dimen175
\@cmidla=\count279
\@cmidlb=\count280
\@aboverulesep=\dimen176
\@belowrulesep=\dimen177
\@thisruleclass=\count281
\@lastruleclass=\count282
\@thisrulewidth=\dimen178
) (/usr/share/texlive/texmf-dist/tex/latex/tools/array.sty
Package: array 2021/10/04 v2.5f Tabular extension package (FMi)
\col@sep=\dimen179
\ar@mcellbox=\box55
\extrarowheight=\dimen180
\NC@list=\toks35
\extratabsurround=\skip56
\backup@length=\skip57
\ar@cellbox=\box56
) (/usr/share/texlive/texmf-dist/tex/latex/multirow/multirow.sty
Package: multirow 2021/03/15 v2.8 Span multiple rows of a table
\multirow@colwidth=\skip58
\multirow@cntb=\count283
\multirow@dima=\skip59
\bigstrutjot=\dimen181
) (/usr/share/texlive/texmf-dist/tex/latex/l3backend/l3backend-pdftex.def
File: l3backend-pdftex.def 2022-01-12 L3 backend support: PDF output (pdfTeX)
\l__color_backend_stack_int=\count284
\l__pdf_internal_box=\box57
) (./k_means_clustering.aux)
\openout1 = `k_means_clustering.aux'.

LaTeX Font Info:    Checking defaults for OML/cmm/m/it on input line 17.
LaTeX Font Info:    ... okay on input line 17.
LaTeX Font Info:    Checking defaults for OMS/cmsy/m/n on input line 17.
LaTeX Font Info:    ... okay on input line 17.
LaTeX Font Info:    Checking defaults for OT1/cmr/m/n on input line 17.
LaTeX Font Info:    ... okay on input line 17.
LaTeX Font Info:    Checking defaults for T1/cmr/m/n on input line 17.
LaTeX Font Info:    ... okay on input line 17.
LaTeX Font Info:    Checking defaults for TS1/cmr/m/n on input line 17.
LaTeX Font Info:    ... okay on input line 17.
LaTeX Font Info:    Checking defaults for OMX/cmex/m/n on input line 17.
LaTeX Font Info:    ... okay on input line 17.
LaTeX Font Info:    Checking defaults for U/cmr/m/n on input line 17.
LaTeX Font Info:    ... okay on input line 17.
Package caption Info: Begin \AtBeginDocument code.
Package caption Info: float package is loaded.
Package caption Info: End \AtBeginDocument code.
 (/usr/share/texlive/texmf-dist/tex/context/base/mkii/supp-pdf.mkii
[Loading MPS to PDF converter (version 2006.09.02).]
\scratchcounter=\count285
\scratchdimen=\dimen182
\scratchbox=\box58
\nofMPsegments=\count286
\nofMParguments=\count287
\everyMPshowfont=\toks36
\MPscratchCnt=\count288
\MPscratchDim=\dimen183
\MPnumerator=\count289
\makeMPintoPDFobject=\count290
\everyMPtoPDFconversion=\toks37
) (/usr/share/texlive/texmf-dist/tex/latex/epstopdf-pkg/epstopdf-base.sty
Package: epstopdf-base 2020-01-24 v2.11 Base part for package epstopdf
Package epstopdf-base Info: Redefining graphics rule for `.eps' on input line 485.
 (/usr/share/texlive/texmf-dist/tex/latex/latexconfig/epstopdf-sys.cfg
File: epstopdf-sys.cfg 2010/07/13 v1.3 Configuration of (r)epstopdf for TeX Live
))
*geometry* driver: auto-detecting
*geometry* detected driver: pdftex
*geometry* verbose mode - [ preamble ] result:
* driver: pdftex
* paper: <default>
* layout: <same size as paper>
* layoutoffset:(h,v)=(0.0pt,0.0pt)
* modes: 
* h-part:(L,W,R)=(72.26999pt, 469.75502pt, 72.26999pt)
* v-part:(T,H,B)=(72.26999pt, 650.43001pt, 72.26999pt)
* \paperwidth=614.295pt
* \paperheight=794.96999pt
* \textwidth=469.75502pt
* \textheight=650.43001pt
* \oddsidemargin=0.0pt
* \evensidemargin=0.0pt
* \topmargin=-37.0pt
* \headheight=12.0pt
* \headsep=25.0pt
* \topskip=10.0pt
* \footskip=30.0pt
* \marginparwidth=65.0pt
* \marginparsep=11.0pt
* \columnsep=10.0pt
* \skip\footins=9.0pt plus 4.0pt minus 2.0pt
* \hoffset=0.0pt
* \voffset=0.0pt
* \mag=1000
* \@twocolumnfalse
* \@twosidefalse
* \@mparswitchfalse
* \@reversemarginfalse
* (1in=72.27pt=25.4mm, 1cm=28.453pt)

LaTeX Font Info:    Trying to load font information for U+msa on input line 19.
(/usr/share/texlive/texmf-dist/tex/latex/amsfonts/umsa.fd
File: umsa.fd 2013/01/14 v3.01 AMS symbols A
)
LaTeX Font Info:    Trying to load font information for U+msb on input line 19.
 (/usr/share/texlive/texmf-dist/tex/latex/amsfonts/umsb.fd
File: umsb.fd 2013/01/14 v3.01 AMS symbols B
)
<ea.png, id=1, 418.4433pt x 327.3831pt>
File: ea.png Graphic file (type png)
<use ea.png>
Package pdftex.def Info: ea.png  used on input line 46.
(pdftex.def)             Requested size: 230.18253pt x 180.09123pt.
<eb.png, id=3, 418.4433pt x 327.3831pt>
File: eb.png Graphic file (type png)
<use eb.png>
Package pdftex.def Info: eb.png  used on input line 52.
(pdftex.def)             Requested size: 230.18253pt x 180.09123pt.
<ec.png, id=4, 408.3255pt x 327.3831pt>
File: ec.png Graphic file (type png)
<use ec.png>
Package pdftex.def Info: ec.png  used on input line 60.
(pdftex.def)             Requested size: 230.18253pt x 184.55716pt.
<ed.png, id=5, 411.939pt x 327.3831pt>
File: ed.png Graphic file (type png)
<use ed.png>
Package pdftex.def Info: ed.png  used on input line 66.
(pdftex.def)             Requested size: 230.18253pt x 182.93364pt.
 [1

{/var/lib/texmf/fonts/map/pdftex/updmap/pdftex.map} <./ea.png> <./eb.png>]
<compound_p.png, id=22, 899.7615pt x 616.4631pt>
File: compound_p.png Graphic file (type png)
<use compound_p.png>
Package pdftex.def Info: compound_p.png  used on input line 75.
(pdftex.def)             Requested size: 469.75502pt x 321.85133pt.
<compound_s.png, id=23, 412.6617pt x 327.3831pt>
File: compound_s.png Graphic file (type png)
<use compound_s.png>
Package pdftex.def Info: compound_s.png  used on input line 80.
(pdftex.def)             Requested size: 281.85587pt x 223.60666pt.
<flame_p.png, id=24, 899.7615pt x 616.4631pt>
File: flame_p.png Graphic file (type png)
<use flame_p.png>
Package pdftex.def Info: flame_p.png  used on input line 85.
(pdftex.def)             Requested size: 469.75502pt x 321.85133pt.
 [2 <./ec.png> <./ed.png> <./compound_p.png>]
<flame_s.png, id=31, 412.6617pt x 327.3831pt>
File: flame_s.png Graphic file (type png)
<use flame_s.png>
Package pdftex.def Info: flame_s.png  used on input line 90.
(pdftex.def)             Requested size: 281.85587pt x 223.60666pt.
<pathbased_p.png, id=32, 890.3664pt x 616.4631pt>
File: pathbased_p.png Graphic file (type png)
<use pathbased_p.png>
Package pdftex.def Info: pathbased_p.png  used on input line 95.
(pdftex.def)             Requested size: 469.75502pt x 325.24707pt.
 [3 <./compound_s.png> <./flame_p.png>]
<pathbased_s.png, id=38, 412.6617pt x 327.3831pt>
File: pathbased_s.png Graphic file (type png)
<use pathbased_s.png>
Package pdftex.def Info: pathbased_s.png  used on input line 100.
(pdftex.def)             Requested size: 281.85587pt x 223.60666pt.
<spiral_p.png, id=39, 890.3664pt x 616.4631pt>
File: spiral_p.png Graphic file (type png)
<use spiral_p.png>
Package pdftex.def Info: spiral_p.png  used on input line 105.
(pdftex.def)             Requested size: 469.75502pt x 325.24707pt.
 [4 <./flame_s.png> <./pathbased_p.png>]
<spiral_s.png, id=45, 412.6617pt x 327.3831pt>
File: spiral_s.png Graphic file (type png)
<use spiral_s.png>
Package pdftex.def Info: spiral_s.png  used on input line 110.
(pdftex.def)             Requested size: 281.85587pt x 223.60666pt.
 [5 <./pathbased_s.png> <./spiral_p.png>] [6 <./spiral_s.png>]
<DB_rand_compund.png, id=55, 423.5022pt x 327.3831pt>
File: DB_rand_compund.png Graphic file (type png)
<use DB_rand_compund.png>
Package pdftex.def Info: DB_rand_compund.png  used on input line 134.
(pdftex.def)             Requested size: 230.18253pt x 177.93819pt.
<DB_rand_flame.png, id=56, 430.0065pt x 327.3831pt>
File: DB_rand_flame.png Graphic file (type png)
<use DB_rand_flame.png>
Package pdftex.def Info: DB_rand_flame.png  used on input line 140.
(pdftex.def)             Requested size: 230.18253pt x 175.24564pt.
<DB_rand_pathbased.png, id=57, 424.9476pt x 327.3831pt>
File: DB_rand_pathbased.png Graphic file (type png)
<use DB_rand_pathbased.png>
Package pdftex.def Info: DB_rand_pathbased.png  used on input line 148.
(pdftex.def)             Requested size: 230.18253pt x 177.33374pt.
<DB_rand_spiral.png, id=58, 413.3844pt x 327.3831pt>
File: DB_rand_spiral.png Graphic file (type png)
<use DB_rand_spiral.png>
Package pdftex.def Info: DB_rand_spiral.png  used on input line 154.
(pdftex.def)             Requested size: 230.18253pt x 182.29422pt.
<k_dist_compound.png, id=59, 431.4519pt x 327.3831pt>
File: k_dist_compound.png Graphic file (type png)
<use k_dist_compound.png>
Package pdftex.def Info: k_dist_compound.png  used on input line 166.
(pdftex.def)             Requested size: 230.18253pt x 174.66615pt.
<k_dist_flame.png, id=60, 417.7206pt x 327.3831pt>
File: k_dist_flame.png Graphic file (type png)
<use k_dist_flame.png>
Package pdftex.def Info: k_dist_flame.png  used on input line 172.
(pdftex.def)             Requested size: 230.18253pt x 180.40094pt.
<k_dist_pathbased.png, id=61, 430.0065pt x 327.3831pt>
File: k_dist_pathbased.png Graphic file (type png)
<use k_dist_pathbased.png>
Package pdftex.def Info: k_dist_pathbased.png  used on input line 180.
(pdftex.def)             Requested size: 230.18253pt x 175.24564pt.
<k_dist_spiral.png, id=62, 422.7795pt x 327.3831pt>
File: k_dist_spiral.png Graphic file (type png)
<use k_dist_spiral.png>
Package pdftex.def Info: k_dist_spiral.png  used on input line 186.
(pdftex.def)             Requested size: 230.18253pt x 178.24791pt.
 [7 <./DB_rand_compund.png> <./DB_rand_flame.png> <./DB_rand_pathbased.png> <./DB_rand_spiral.png>]
<DB_final_compund.png, id=71, 414.1071pt x 327.3831pt>
File: DB_final_compund.png Graphic file (type png)
<use DB_final_compund.png>
Package pdftex.def Info: DB_final_compund.png  used on input line 195.
(pdftex.def)             Requested size: 230.18253pt x 181.9795pt.
<DB_final_flame.png, id=72, 430.0065pt x 327.3831pt>
File: DB_final_flame.png Graphic file (type png)
<use DB_final_flame.png>
Package pdftex.def Info: DB_final_flame.png  used on input line 201.
(pdftex.def)             Requested size: 230.18253pt x 175.24564pt.
<DB_final_pathbased.png, id=73, 424.9476pt x 327.3831pt>
File: DB_final_pathbased.png Graphic file (type png)
<use DB_final_pathbased.png>
Package pdftex.def Info: DB_final_pathbased.png  used on input line 209.
(pdftex.def)             Requested size: 230.18253pt x 177.33374pt.
<DB_final_spiral.png, id=74, 413.3844pt x 327.3831pt>
File: DB_final_spiral.png Graphic file (type png)
<use DB_final_spiral.png>
Package pdftex.def Info: DB_final_spiral.png  used on input line 215.
(pdftex.def)             Requested size: 230.18253pt x 182.29422pt.
 [8 <./k_dist_compound.png> <./k_dist_flame.png> <./k_dist_pathbased.png> <./k_dist_spiral.png> <./DB_final_compund.png> <./DB_final_flame.png>] [9 <./DB_final_pathbased.png> <./DB_final_spiral.png>] (./k_means_clustering.aux) ) 
Here is how much of TeX's memory you used:
 5274 strings out of 478287
 87140 string characters out of 5849290
 371728 words of memory out of 5000000
 23395 multiletter control sequences out of 15000+600000
 478382 words of font info for 63 fonts, out of 8000000 for 9000
 1141 hyphenation exceptions out of 8191
 55i,9n,63p,382b,364s stack positions out of 5000i,500n,10000p,200000b,80000s
</usr/share/texlive/texmf-dist/fonts/type1/public/amsfonts/cm/cmbx10.pfb></usr/share/texlive/texmf-dist/fonts/type1/public/amsfonts/cm/cmbx12.pfb></usr/share/texlive/texmf-dist/fonts/type1/public/amsfonts/cm/cmbx9.pfb></usr/share/texlive/texmf-dist/fonts/type1/public/amsfonts/cm/cmmi10.pfb></usr/share/texlive/texmf-dist/fonts/type1/public/amsfonts/cm/cmr10.pfb></usr/share/texlive/texmf-dist/fonts/type1/public/amsfonts/cm/cmr12.pfb></usr/share/texlive/texmf-dist/fonts/type1/public/amsfonts/cm/cmr17.pfb></usr/share/texlive/texmf-dist/fonts/type1/public/amsfonts/cm/cmr9.pfb></usr/share/texlive/texmf-dist/fonts/type1/public/amsfonts/cm/cmti10.pfb>
Output written on k_means_clustering.pdf (9 pages, 1535516 bytes).
PDF statistics:
 128 PDF objects out of 1000 (max. 8388607)
 50 compressed objects within 1 object stream
 0 named destinations out of 1000 (max. 500000)
 121 words of extra memory for PDF output out of 10000 (max. 10000000)

